<component name="libraryTable">
  <library name="junit-jupiter-api-5.5.2-sources">
    <CLASSES />
    <JAVADOC />
    <SOURCES>
      <root url="jar://$PROJECT_DIR$/../class5-23092019-employees/lib/junit-jupiter-api-5.5.2-sources.jar!/" />
    </SOURCES>
  </library>
</component>